MPASM  5.51                   UYGULAMA-49.ASM   11-19-2018  17:54:31         PAGE  1


LOC  OBJECT CODE     LINE SOURCE TEXT
  VALUE

                      00001         LIST P=16F877A
                      00002         #INCLUDE <P16F877A.INC>
                      00001         LIST
                      00002 
                      00003 ;==========================================================================
                      00004 ;  MPASM PIC16F877A processor include
                      00005 ; 
                      00006 ;  (c) Copyright 1999-2013 Microchip Technology, All rights reserved
                      00007 ;==========================================================================
                      00008 
                      00566         LIST
Warning[207]: Found label after column 1. (SAYICI1)
  00000020            00003         SAYICI1 EQU 0X20
Warning[207]: Found label after column 1. (SAYICI2)
  00000021            00004         SAYICI2 EQU 0X21
Warning[207]: Found label after column 1. (SICAKLIK_REF)
  00000022            00005         SICAKLIK_REF EQU 0X22
0000                  00006         ORG 0X000
0000   2801           00007         GOTO ANA_METOT
                      00008 
0001                  00009 ANA_METOT
0001   1683 1303      00010         BANKSEL TRISA
0003   30FF           00011         MOVLW 0XFF
Message[302]: Register in operand not in bank 0.  Ensure that bank bits are correct.
0004   0085           00012         MOVWF TRISA
Message[302]: Register in operand not in bank 0.  Ensure that bank bits are correct.
0005   0186           00013         CLRF TRISB
Message[302]: Register in operand not in bank 0.  Ensure that bank bits are correct.
0006   0187           00014         CLRF TRISC
Message[302]: Register in operand not in bank 0.  Ensure that bank bits are correct.
0007   0188           00015         CLRF TRISD
                      00016 
0008   3080           00017         MOVLW B'10000000'
Message[302]: Register in operand not in bank 0.  Ensure that bank bits are correct.
0009   009F           00018         MOVWF ADCON1
                      00019         
000A   1283 1303      00020         BANKSEL PORTA
000C   30FF           00021         MOVLW 0XFF
000D   0085           00022         MOVWF PORTA
000E   0186           00023         CLRF PORTB
000F   0187           00024         CLRF PORTC
0010   0188           00025         CLRF PORTD
                      00026 
0011   1283 1303      00027         BANKSEL ADCON0
0013   30C1           00028         MOVLW B'11000001'
0014   009F           00029         MOVWF ADCON0
0015   2041           00030         CALL GECIKME
0016   1283 1303      00031         BANKSEL ADCON0
                      00032 
0018   1283 1303      00033         BANKSEL SICAKLIK_REF
001A   301F           00034         MOVLW D'31'
001B   00A2           00035         MOVWF SICAKLIK_REF
                      00036 
MPASM  5.51                   UYGULAMA-49.ASM   11-19-2018  17:54:31         PAGE  2


LOC  OBJECT CODE     LINE SOURCE TEXT
  VALUE

001C                  00037 DONUSTUR_METOT
001C   151F           00038         BSF ADCON0,GO
001D   2041           00039         CALL GECIKME
001E   2034           00040         CALL YAZDIR
001F   1283 1303      00041         BANKSEL PORTD
0021   1808           00042         BTFSC PORTD,0
0022   2026           00043         CALL ARTIR
0023   1888           00044         BTFSC PORTD,1
0024   202D           00045         CALL AZALT
0025   281C           00046         GOTO DONUSTUR_METOT
                      00047 
0026                  00048 ARTIR
0026   1283 1303      00049         BANKSEL SICAKLIK_REF
0028   3002           00050         MOVLW H'02'
0029   07A2           00051         ADDWF SICAKLIK_REF,F
002A   2041           00052         CALL GECIKME
002B   2034           00053         CALL YAZDIR
002C   0008           00054         RETURN
                      00055 
002D                  00056 AZALT
002D   1283 1303      00057         BANKSEL SICAKLIK_REF
002F   3002           00058         MOVLW H'02'
0030   02A2           00059         SUBWF SICAKLIK_REF,F
0031   2041           00060         CALL GECIKME
0032   2034           00061         CALL YAZDIR
0033   0008           00062         RETURN
                      00063 
                      00064 ;DONUSTUR_KONTROL
                      00065 ;       BTFSC ADCON0,GO
                      00066 ;       GOTO DONUSTUR_KONTROL
                      00067 ;       GOTO YAZDIR
                      00068 
0034                  00069 YAZDIR
                      00070 ;       BANKSEL ADRESH
                      00071 ;       MOVF ADRESH,W
                      00072 ;       BANKSEL PORTC
                      00073 ;       MOVWF PORTC
                      00074 ;
                      00075 ;       BANKSEL ADRESL
                      00076 ;       MOVF ADRESL,W
                      00077 ;       BANKSEL PORTB
                      00078 ;       MOVWF PORTB
                      00079 
Message[302]: Register in operand not in bank 0.  Ensure that bank bits are correct.
0034   081E           00080         MOVF ADRESL,W
0035   0222           00081         SUBWF SICAKLIK_REF,W
0036   1D03           00082         BTFSS STATUS,Z
0037   283D           00083         GOTO LED_SONDUR
0038   2839           00084         GOTO LED_YAK
                      00085 
0039                  00086 LED_YAK
0039   1283 1303      00087         BANKSEL PORTC
003B   1407           00088         BSF PORTC,0
MPASM  5.51                   UYGULAMA-49.ASM   11-19-2018  17:54:31         PAGE  3


LOC  OBJECT CODE     LINE SOURCE TEXT
  VALUE

                      00089 ;       CALL GECIKME
003C   0008           00090         RETURN
                      00091 
003D                  00092 LED_SONDUR
003D   1283 1303      00093         BANKSEL PORTC
003F   1007           00094         BCF PORTC,0
                      00095 ;       CALL GECIKME
0040   0008           00096         RETURN
                      00097 
0041                  00098 GECIKME
0041   30FF           00099         MOVLW 0XFF
0042   00A0           00100         MOVWF SAYICI1
                      00101 
0043                  00102 TEKRAR1 
0043   30FF           00103         MOVLW 0XFF
0044   00A1           00104         MOVWF SAYICI2
                      00105 
0045                  00106 TEKRAR2
0045   0BA1           00107         DECFSZ SAYICI2,F
0046   2845           00108         GOTO TEKRAR2
0047   0BA0           00109         DECFSZ SAYICI1,F
0048   2843           00110         GOTO TEKRAR1
0049   0008           00111         RETURN
                      00112 
Warning[205]: Found directive in column 1. (END)
                      00113 END
MPASM  5.51                   UYGULAMA-49.ASM   11-19-2018  17:54:31         PAGE  4


SYMBOL TABLE
  LABEL                             VALUE 

ACKDT                             00000005
ACKEN                             00000004
ACKSTAT                           00000006
ADCON0                            0000001F
ADCON1                            0000009F
ADCS0                             00000006
ADCS1                             00000007
ADCS2                             00000006
ADDEN                             00000003
ADFM                              00000007
ADIE                              00000006
ADIF                              00000006
ADON                              00000000
ADRESH                            0000001E
ADRESL                            0000009E
ANA_METOT                         00000001
ARTIR                             00000026
AZALT                             0000002D
BCLIE                             00000003
BCLIF                             00000003
BF                                00000000
BRGH                              00000002
C                                 00000000
C1INV                             00000004
C1OUT                             00000006
C2INV                             00000005
C2OUT                             00000007
CCP1CON                           00000017
CCP1IE                            00000002
CCP1IF                            00000002
CCP1M0                            00000000
CCP1M1                            00000001
CCP1M2                            00000002
CCP1M3                            00000003
CCP1X                             00000005
CCP1Y                             00000004
CCP2CON                           0000001D
CCP2IE                            00000000
CCP2IF                            00000000
CCP2M0                            00000000
CCP2M1                            00000001
CCP2M2                            00000002
CCP2M3                            00000003
CCP2X                             00000005
CCP2Y                             00000004
CCPR1                             00000015
CCPR1H                            00000016
CCPR1L                            00000015
CCPR2                             0000001B
CCPR2H                            0000001C
CCPR2L                            0000001B
CHS0                              00000003
CHS1                              00000004
MPASM  5.51                   UYGULAMA-49.ASM   11-19-2018  17:54:31         PAGE  5


SYMBOL TABLE
  LABEL                             VALUE 

CHS2                              00000005
CIS                               00000003
CKE                               00000006
CKP                               00000004
CM0                               00000000
CM1                               00000001
CM2                               00000002
CMCON                             0000009C
CMIE                              00000006
CMIF                              00000006
CREN                              00000004
CSRC                              00000007
CVR0                              00000000
CVR1                              00000001
CVR2                              00000002
CVR3                              00000003
CVRCON                            0000009D
CVREN                             00000007
CVROE                             00000006
CVRR                              00000005
D                                 00000005
DATA_ADDRESS                      00000005
DC                                00000001
DONUSTUR_METOT                    0000001C
D_A                               00000005
D_NOT_A                           00000005
EEADR                             0000010D
EEADRH                            0000010F
EECON1                            0000018C
EECON2                            0000018D
EEDATA                            0000010C
EEDATH                            0000010E
EEIE                              00000004
EEIF                              00000004
EEPGD                             00000007
F                                 00000001
FERR                              00000002
FSR                               00000004
GCEN                              00000007
GECIKME                           00000041
GIE                               00000007
GO                                00000002
GO_DONE                           00000002
GO_NOT_DONE                       00000002
I2C_DATA                          00000005
I2C_READ                          00000002
I2C_START                         00000003
I2C_STOP                          00000004
IBF                               00000007
IBOV                              00000005
INDF                              00000000
INTCON                            0000000B
INTE                              00000004
MPASM  5.51                   UYGULAMA-49.ASM   11-19-2018  17:54:31         PAGE  6


SYMBOL TABLE
  LABEL                             VALUE 

INTEDG                            00000006
INTF                              00000001
IRP                               00000007
LED_SONDUR                        0000003D
LED_YAK                           00000039
NOT_A                             00000005
NOT_ADDRESS                       00000005
NOT_BO                            00000000
NOT_BOR                           00000000
NOT_DONE                          00000002
NOT_PD                            00000003
NOT_POR                           00000001
NOT_RBPU                          00000007
NOT_RC8                           00000006
NOT_T1SYNC                        00000002
NOT_TO                            00000004
NOT_TX8                           00000006
NOT_W                             00000002
NOT_WRITE                         00000002
OBF                               00000006
OERR                              00000001
OPTION_REG                        00000081
P                                 00000004
PCFG0                             00000000
PCFG1                             00000001
PCFG2                             00000002
PCFG3                             00000003
PCL                               00000002
PCLATH                            0000000A
PCON                              0000008E
PEIE                              00000006
PEN                               00000002
PIE1                              0000008C
PIE2                              0000008D
PIR1                              0000000C
PIR2                              0000000D
PORTA                             00000005
PORTB                             00000006
PORTC                             00000007
PORTD                             00000008
PORTE                             00000009
PR2                               00000092
PS0                               00000000
PS1                               00000001
PS2                               00000002
PSA                               00000003
PSPIE                             00000007
PSPIF                             00000007
PSPMODE                           00000004
R                                 00000002
RA0                               00000000
RA1                               00000001
RA2                               00000002
MPASM  5.51                   UYGULAMA-49.ASM   11-19-2018  17:54:31         PAGE  7


SYMBOL TABLE
  LABEL                             VALUE 

RA3                               00000003
RA4                               00000004
RA5                               00000005
RB0                               00000000
RB1                               00000001
RB2                               00000002
RB3                               00000003
RB4                               00000004
RB5                               00000005
RB6                               00000006
RB7                               00000007
RBIE                              00000003
RBIF                              00000000
RC0                               00000000
RC1                               00000001
RC2                               00000002
RC3                               00000003
RC4                               00000004
RC5                               00000005
RC6                               00000006
RC7                               00000007
RC8_9                             00000006
RC9                               00000006
RCD8                              00000000
RCEN                              00000003
RCIE                              00000005
RCIF                              00000005
RCREG                             0000001A
RCSTA                             00000018
RD                                00000000
RD0                               00000000
RD1                               00000001
RD2                               00000002
RD3                               00000003
RD4                               00000004
RD5                               00000005
RD6                               00000006
RD7                               00000007
RE0                               00000000
RE1                               00000001
RE2                               00000002
READ_WRITE                        00000002
RP0                               00000005
RP1                               00000006
RSEN                              00000001
RX9                               00000006
RX9D                              00000000
R_NOT_W                           00000002
R_W                               00000002
S                                 00000003
SAYICI1                           00000020
SAYICI2                           00000021
SEN                               00000000
MPASM  5.51                   UYGULAMA-49.ASM   11-19-2018  17:54:31         PAGE  8


SYMBOL TABLE
  LABEL                             VALUE 

SICAKLIK_REF                      00000022
SMP                               00000007
SPBRG                             00000099
SPEN                              00000007
SREN                              00000005
SSPADD                            00000093
SSPBUF                            00000013
SSPCON                            00000014
SSPCON2                           00000091
SSPEN                             00000005
SSPIE                             00000003
SSPIF                             00000003
SSPM0                             00000000
SSPM1                             00000001
SSPM2                             00000002
SSPM3                             00000003
SSPOV                             00000006
SSPSTAT                           00000094
STATUS                            00000003
SYNC                              00000004
T0CS                              00000005
T0IE                              00000005
T0IF                              00000002
T0SE                              00000004
T1CKPS0                           00000004
T1CKPS1                           00000005
T1CON                             00000010
T1INSYNC                          00000002
T1OSCEN                           00000003
T1SYNC                            00000002
T2CKPS0                           00000000
T2CKPS1                           00000001
T2CON                             00000012
TEKRAR1                           00000043
TEKRAR2                           00000045
TMR0                              00000001
TMR0IE                            00000005
TMR0IF                            00000002
TMR1                              0000000E
TMR1CS                            00000001
TMR1H                             0000000F
TMR1IE                            00000000
TMR1IF                            00000000
TMR1L                             0000000E
TMR1ON                            00000000
TMR2                              00000011
TMR2IE                            00000001
TMR2IF                            00000001
TMR2ON                            00000002
TOUTPS0                           00000003
TOUTPS1                           00000004
TOUTPS2                           00000005
TOUTPS3                           00000006
MPASM  5.51                   UYGULAMA-49.ASM   11-19-2018  17:54:31         PAGE  9


SYMBOL TABLE
  LABEL                             VALUE 

TRISA                             00000085
TRISA0                            00000000
TRISA1                            00000001
TRISA2                            00000002
TRISA3                            00000003
TRISA4                            00000004
TRISA5                            00000005
TRISB                             00000086
TRISB0                            00000000
TRISB1                            00000001
TRISB2                            00000002
TRISB3                            00000003
TRISB4                            00000004
TRISB5                            00000005
TRISB6                            00000006
TRISB7                            00000007
TRISC                             00000087
TRISC0                            00000000
TRISC1                            00000001
TRISC2                            00000002
TRISC3                            00000003
TRISC4                            00000004
TRISC5                            00000005
TRISC6                            00000006
TRISC7                            00000007
TRISD                             00000088
TRISD0                            00000000
TRISD1                            00000001
TRISD2                            00000002
TRISD3                            00000003
TRISD4                            00000004
TRISD5                            00000005
TRISD6                            00000006
TRISD7                            00000007
TRISE                             00000089
TRISE0                            00000000
TRISE1                            00000001
TRISE2                            00000002
TRMT                              00000001
TX8_9                             00000006
TX9                               00000006
TX9D                              00000000
TXD8                              00000000
TXEN                              00000005
TXIE                              00000004
TXIF                              00000004
TXREG                             00000019
TXSTA                             00000098
UA                                00000001
W                                 00000000
WCOL                              00000007
WR                                00000001
WREN                              00000002
MPASM  5.51                   UYGULAMA-49.ASM   11-19-2018  17:54:31         PAGE 10


SYMBOL TABLE
  LABEL                             VALUE 

WRERR                             00000003
YAZDIR                            00000034
Z                                 00000002
_BODEN_OFF                        00003FBF
_BODEN_ON                         00003FFF
_BOREN_OFF                        00003FBF
_BOREN_ON                         00003FFF
_CONFIG                           00002007
_CPD_OFF                          00003FFF
_CPD_ON                           00003EFF
_CP_ALL                           00001FFF
_CP_OFF                           00003FFF
_CP_ON                            00001FFF
_DEBUG_OFF                        00003FFF
_DEBUG_ON                         000037FF
_DEVID1                           00002006
_FOSC_EXTRC                       00003FFF
_FOSC_HS                          00003FFE
_FOSC_LP                          00003FFC
_FOSC_XT                          00003FFD
_HS_OSC                           00003FFE
_IDLOC0                           00002000
_IDLOC1                           00002001
_IDLOC2                           00002002
_IDLOC3                           00002003
_LP_OSC                           00003FFC
_LVP_OFF                          00003F7F
_LVP_ON                           00003FFF
_PWRTE_OFF                        00003FFF
_PWRTE_ON                         00003FF7
_RC_OSC                           00003FFF
_WDTE_OFF                         00003FFB
_WDTE_ON                          00003FFF
_WDT_OFF                          00003FFB
_WDT_ON                           00003FFF
_WRT_1FOURTH                      00003BFF
_WRT_256                          00003DFF
_WRT_HALF                         000039FF
_WRT_OFF                          00003FFF
_XT_OSC                           00003FFD
__16F877A                         00000001
__DEBUG                           1
MPASM  5.51                   UYGULAMA-49.ASM   11-19-2018  17:54:31         PAGE 11


MEMORY USAGE MAP ('X' = Used,  '-' = Unused)


0000 : XXXXXXXXXXXXXXXX XXXXXXXXXXXXXXXX XXXXXXXXXXXXXXXX XXXXXXXXXXXXXXXX
0040 : XXXXXXXXXX------ ---------------- ---------------- ----------------

All other memory blocks unused.

Program Memory Words Used:    74
Program Memory Words Free:  8118


Errors   :     0
Warnings :     4 reported,     0 suppressed
Messages :     6 reported,     0 suppressed

